# JRE version: OpenJDK Runtime Environment (8.0_212-b04) (build 1.8.0_212-release-1586-b04)
# Java VM: OpenJDK 64-Bit Server VM (25.212-b04 mixed mode windows-amd64 compressed oops)
Heap:
 PSYoungGen      total 232960K, used 68805K [0x00000000e0000000, 0x00000000f0900000, 0x0000000100000000)
  eden space 202240K, 23% used [0x00000000e0000000,0x00000000e2f09368,0x00000000ec580000)
  from space 30720K, 67% used [0x00000000ee480000,0x00000000ef8a81a8,0x00000000f0280000)
  to   space 31744K, 0% used [0x00000000ec580000,0x00000000ec580000,0x00000000ee480000)
 ParOldGen       total 150528K, used 62396K [0x00000000a0000000, 0x00000000a9300000, 0x00000000e0000000)
  object space 150528K, 41% used [0x00000000a0000000,0x00000000a3cef278,0x00000000a9300000)
 Metaspace       used 78391K, capacity 82432K, committed 82688K, reserved 1120256K
  class space    used 10511K, capacity 11395K, committed 11520K, reserved 1048576K
GC Heap History (10 events):
Event: 14.455 GC heap before
{Heap before GC invocations=15 (full 3):
 PSYoungGen      total 167424K, used 16865K [0x00000000e0000000, 0x00000000ed180000, 0x0000000100000000)
  eden space 150528K, 0% used [0x00000000e0000000,0x00000000e0000000,0x00000000e9300000)
  from space 16896K, 99% used [0x00000000ea800000,0x00000000eb8784b0,0x00000000eb880000)
  to   space 21504K, 0% used [0x00000000e9300000,0x00000000e9300000,0x00000000ea800000)
 ParOldGen       total 94208K, used 31003K [0x00000000a0000000, 0x00000000a5c00000, 0x00000000e0000000)
  object space 94208K, 32% used [0x00000000a0000000,0x00000000a1e46f70,0x00000000a5c00000)
 Metaspace       used 57163K, capacity 59004K, committed 59160K, reserved 1099776K
  class space    used 7750K, capacity 8226K, committed 8320K, reserved 1048576K
Event: 14.747 GC heap after
Heap after GC invocations=15 (full 3):
 PSYoungGen      total 167424K, used 0K [0x00000000e0000000, 0x00000000ed180000, 0x0000000100000000)
  eden space 150528K, 0% used [0x00000000e0000000,0x00000000e0000000,0x00000000e9300000)
  from space 16896K, 0% used [0x00000000ea800000,0x00000000ea800000,0x00000000eb880000)
  to   space 21504K, 0% used [0x00000000e9300000,0x00000000e9300000,0x00000000ea800000)
 ParOldGen       total 150528K, used 37843K [0x00000000a0000000, 0x00000000a9300000, 0x00000000e0000000)
  object space 150528K, 25% used [0x00000000a0000000,0x00000000a24f4fb0,0x00000000a9300000)
 Metaspace       used 57150K, capacity 58962K, committed 59160K, reserved 1099776K
  class space    used 7746K, capacity 8219K, committed 8320K, reserved 1048576K
}
Event: 16.679 GC heap before
{Heap before GC invocations=16 (full 3):
 PSYoungGen      total 167424K, used 150528K [0x00000000e0000000, 0x00000000ed180000, 0x0000000100000000)
  eden space 150528K, 100% used [0x00000000e0000000,0x00000000e9300000,0x00000000e9300000)
  from space 16896K, 0% used [0x00000000ea800000,0x00000000ea800000,0x00000000eb880000)
  to   space 21504K, 0% used [0x00000000e9300000,0x00000000e9300000,0x00000000ea800000)
 ParOldGen       total 150528K, used 37843K [0x00000000a0000000, 0x00000000a9300000, 0x00000000e0000000)
  object space 150528K, 25% used [0x00000000a0000000,0x00000000a24f4fb0,0x00000000a9300000)
 Metaspace       used 63933K, capacity 66150K, committed 66176K, reserved 1105920K
  class space    used 8813K, capacity 9343K, committed 9344K, reserved 1048576K
Event: 16.695 GC heap after
Heap after GC invocations=16 (full 3):
 PSYoungGen      total 172032K, used 12572K [0x00000000e0000000, 0x00000000ed880000, 0x0000000100000000)
  eden space 150528K, 0% used [0x00000000e0000000,0x00000000e0000000,0x00000000e9300000)
  from space 21504K, 58% used [0x00000000e9300000,0x00000000e9f470f0,0x00000000ea800000)
  to   space 21504K, 0% used [0x00000000ec380000,0x00000000ec380000,0x00000000ed880000)
 ParOldGen       total 150528K, used 37851K [0x00000000a0000000, 0x00000000a9300000, 0x00000000e0000000)
  object space 150528K, 25% used [0x00000000a0000000,0x00000000a24f6fb0,0x00000000a9300000)
 Metaspace       used 63933K, capacity 66150K, committed 66176K, reserved 1105920K
  class space    used 8813K, capacity 9343K, committed 9344K, reserved 1048576K
}
Event: 19.003 GC heap before
{Heap before GC invocations=17 (full 3):
 PSYoungGen      total 172032K, used 163100K [0x00000000e0000000, 0x00000000ed880000, 0x0000000100000000)
  eden space 150528K, 100% used [0x00000000e0000000,0x00000000e9300000,0x00000000e9300000)
  from space 21504K, 58% used [0x00000000e9300000,0x00000000e9f470f0,0x00000000ea800000)
  to   space 21504K, 0% used [0x00000000ec380000,0x00000000ec380000,0x00000000ed880000)
 ParOldGen       total 150528K, used 37851K [0x00000000a0000000, 0x00000000a9300000, 0x00000000e0000000)
  object space 150528K, 25% used [0x00000000a0000000,0x00000000a24f6fb0,0x00000000a9300000)
 Metaspace       used 68421K, capacity 71432K, committed 71552K, reserved 1110016K
  class space    used 9450K, capacity 10088K, committed 10112K, reserved 1048576K
Event: 19.023 GC heap after
Heap after GC invocations=17 (full 3):
 PSYoungGen      total 198144K, used 19483K [0x00000000e0000000, 0x00000000edb00000, 0x0000000100000000)
  eden space 176640K, 0% used [0x00000000e0000000,0x00000000e0000000,0x00000000eac80000)
  from space 21504K, 90% used [0x00000000ec380000,0x00000000ed686d00,0x00000000ed880000)
  to   space 23552K, 0% used [0x00000000eac80000,0x00000000eac80000,0x00000000ec380000)
 ParOldGen       total 150528K, used 37859K [0x00000000a0000000, 0x00000000a9300000, 0x00000000e0000000)
  object space 150528K, 25% used [0x00000000a0000000,0x00000000a24f8fb0,0x00000000a9300000)
 Metaspace       used 68421K, capacity 71432K, committed 71552K, reserved 1110016K
  class space    used 9450K, capacity 10088K, committed 10112K, reserved 1048576K
}
Event: 32.334 GC heap before
{Heap before GC invocations=18 (full 3):
 PSYoungGen      total 198144K, used 196123K [0x00000000e0000000, 0x00000000edb00000, 0x0000000100000000)
  eden space 176640K, 100% used [0x00000000e0000000,0x00000000eac80000,0x00000000eac80000)
  from space 21504K, 90% used [0x00000000ec380000,0x00000000ed686d00,0x00000000ed880000)
  to   space 23552K, 0% used [0x00000000eac80000,0x00000000eac80000,0x00000000ec380000)
 ParOldGen       total 150528K, used 37859K [0x00000000a0000000, 0x00000000a9300000, 0x00000000e0000000)
  object space 150528K, 25% used [0x00000000a0000000,0x00000000a24f8fb0,0x00000000a9300000)
 Metaspace       used 76496K, capacity 80252K, committed 80384K, reserved 1118208K
  class space    used 10239K, capacity 11007K, committed 11008K, reserved 1048576K
Event: 32.381 GC heap after
Heap after GC invocations=18 (full 3):
 PSYoungGen      total 200192K, used 23544K [0x00000000e0000000, 0x00000000f0280000, 0x0000000100000000)
  eden space 176640K, 0% used [0x00000000e0000000,0x00000000e0000000,0x00000000eac80000)
  from space 23552K, 99% used [0x00000000eac80000,0x00000000ec37e060,0x00000000ec380000)
  to   space 30720K, 0% used [0x00000000ee480000,0x00000000ee480000,0x00000000f0280000)
 ParOldGen       total 150528K, used 48592K [0x00000000a0000000, 0x00000000a9300000, 0x00000000e0000000)
  object space 150528K, 32% used [0x00000000a0000000,0x00000000a2f740a8,0x00000000a9300000)
 Metaspace       used 76496K, capacity 80252K, committed 80384K, reserved 1118208K
  class space    used 10239K, capacity 11007K, committed 11008K, reserved 1048576K
}
Event: 34.195 GC heap before
{Heap before GC invocations=19 (full 3):
 PSYoungGen      total 200192K, used 200184K [0x00000000e0000000, 0x00000000f0280000, 0x0000000100000000)
  eden space 176640K, 100% used [0x00000000e0000000,0x00000000eac80000,0x00000000eac80000)
  from space 23552K, 99% used [0x00000000eac80000,0x00000000ec37e060,0x00000000ec380000)
  to   space 30720K, 0% used [0x00000000ee480000,0x00000000ee480000,0x00000000f0280000)
 ParOldGen       total 150528K, used 48592K [0x00000000a0000000, 0x00000000a9300000, 0x00000000e0000000)
  object space 150528K, 32% used [0x00000000a0000000,0x00000000a2f740a8,0x00000000a9300000)
 Metaspace       used 77605K, capacity 81642K, committed 81664K, reserved 1120256K
  class space    used 10398K, capacity 11256K, committed 11264K, reserved 1048576K
Event: 34.230 GC heap after
Heap after GC invocations=19 (full 3):
 PSYoungGen      total 232960K, used 20640K [0x00000000e0000000, 0x00000000f0900000, 0x0000000100000000)
  eden space 202240K, 0% used [0x00000000e0000000,0x00000000e0000000,0x00000000ec580000)
  from space 30720K, 67% used [0x00000000ee480000,0x00000000ef8a81a8,0x00000000f0280000)
  to   space 31744K, 0% used [0x00000000ec580000,0x00000000ec580000,0x00000000ee480000)
 ParOldGen       total 150528K, used 62396K [0x00000000a0000000, 0x00000000a9300000, 0x00000000e0000000)
  object space 150528K, 41% used [0x00000000a0000000,0x00000000a3cef278,0x00000000a9300000)
 Metaspace       used 77605K, capacity 81642K, committed 81664K, reserved 1120256K
  class space    used 10398K, capacity 11256K, committed 11264K, reserved 1048576K
}

